2025-10-08 18:46:18,404 [INFO] [31m[1mWARNING: This is a development server. Do not use it in a production deployment. Use a production WSGI server instead.[0m
 * Running on http://127.0.0.1:5000
2025-10-08 18:46:18,404 [INFO] [33mPress CTRL+C to quit[0m
2025-10-08 18:46:21,372 [INFO] 127.0.0.1 - - [08/Oct/2025 18:46:21] "[32mGET / HTTP/1.1[0m" 302 -
2025-10-08 18:46:21,396 [INFO] 127.0.0.1 - - [08/Oct/2025 18:46:21] "GET /login HTTP/1.1" 200 -
2025-10-08 18:46:21,553 [INFO] 127.0.0.1 - - [08/Oct/2025 18:46:21] "[36mGET /static/style.css HTTP/1.1[0m" 304 -
2025-10-08 18:46:21,898 [ERROR] Unhandled Exception:
Traceback (most recent call last):
  File "C:\Users\Lenovo\Downloads\AgroBot\.venv\Lib\site-packages\flask\app.py", line 917, in full_dispatch_request
    rv = self.dispatch_request()
  File "C:\Users\Lenovo\Downloads\AgroBot\.venv\Lib\site-packages\flask\app.py", line 902, in dispatch_request
    return self.ensure_sync(self.view_functions[rule.endpoint])(**view_args)  # type: ignore[no-any-return]
           ~~~~~~~~~~~~~~~~~~~~~~~~~~~~~~~~~~~~~~~~~~~~~~~~~~~~^^^^^^^^^^^^^
  File "C:\Users\Lenovo\Downloads\AgroBot\.venv\Lib\site-packages\flask\app.py", line 278, in <lambda>
    view_func=lambda **kw: self_ref().send_static_file(**kw),  # type: ignore # noqa: B950
                           ~~~~~~~~~~~~~~~~~~~~~~~~~~~^^^^^^
  File "C:\Users\Lenovo\Downloads\AgroBot\.venv\Lib\site-packages\flask\app.py", line 326, in send_static_file
    return send_from_directory(
        t.cast(str, self.static_folder), filename, max_age=max_age
    )
  File "C:\Users\Lenovo\Downloads\AgroBot\.venv\Lib\site-packages\flask\helpers.py", line 572, in send_from_directory
    return werkzeug.utils.send_from_directory(  # type: ignore[return-value]
           ~~~~~~~~~~~~~~~~~~~~~~~~~~~~~~~~~~^^^^^^^^^^^^^^^^^^^^^^^^^^^^^^^
        directory, path, **_prepare_send_file_kwargs(**kwargs)
        ^^^^^^^^^^^^^^^^^^^^^^^^^^^^^^^^^^^^^^^^^^^^^^^^^^^^^^
    )
    ^
  File "C:\Users\Lenovo\Downloads\AgroBot\.venv\Lib\site-packages\werkzeug\utils.py", line 575, in send_from_directory
    raise NotFound()
werkzeug.exceptions.NotFound: 404 Not Found: The requested URL was not found on the server. If you entered the URL manually please check your spelling and try again.

2025-10-08 18:46:21,898 [INFO] 127.0.0.1 - - [08/Oct/2025 18:46:21] "[35m[1mGET /static/images/agri-bg.jpg HTTP/1.1[0m" 500 -
2025-10-08 18:46:25,272 [INFO] 127.0.0.1 - - [08/Oct/2025 18:46:25] "[32mPOST /login HTTP/1.1[0m" 302 -
2025-10-08 18:46:25,279 [INFO] 127.0.0.1 - - [08/Oct/2025 18:46:25] "GET /login HTTP/1.1" 200 -
2025-10-08 18:46:25,315 [INFO] 127.0.0.1 - - [08/Oct/2025 18:46:25] "[36mGET /static/style.css HTTP/1.1[0m" 304 -
2025-10-08 18:46:25,346 [ERROR] Unhandled Exception:
Traceback (most recent call last):
  File "C:\Users\Lenovo\Downloads\AgroBot\.venv\Lib\site-packages\flask\app.py", line 917, in full_dispatch_request
    rv = self.dispatch_request()
  File "C:\Users\Lenovo\Downloads\AgroBot\.venv\Lib\site-packages\flask\app.py", line 902, in dispatch_request
    return self.ensure_sync(self.view_functions[rule.endpoint])(**view_args)  # type: ignore[no-any-return]
           ~~~~~~~~~~~~~~~~~~~~~~~~~~~~~~~~~~~~~~~~~~~~~~~~~~~~^^^^^^^^^^^^^
  File "C:\Users\Lenovo\Downloads\AgroBot\.venv\Lib\site-packages\flask\app.py", line 278, in <lambda>
    view_func=lambda **kw: self_ref().send_static_file(**kw),  # type: ignore # noqa: B950
                           ~~~~~~~~~~~~~~~~~~~~~~~~~~~^^^^^^
  File "C:\Users\Lenovo\Downloads\AgroBot\.venv\Lib\site-packages\flask\app.py", line 326, in send_static_file
    return send_from_directory(
        t.cast(str, self.static_folder), filename, max_age=max_age
    )
  File "C:\Users\Lenovo\Downloads\AgroBot\.venv\Lib\site-packages\flask\helpers.py", line 572, in send_from_directory
    return werkzeug.utils.send_from_directory(  # type: ignore[return-value]
           ~~~~~~~~~~~~~~~~~~~~~~~~~~~~~~~~~~^^^^^^^^^^^^^^^^^^^^^^^^^^^^^^^
        directory, path, **_prepare_send_file_kwargs(**kwargs)
        ^^^^^^^^^^^^^^^^^^^^^^^^^^^^^^^^^^^^^^^^^^^^^^^^^^^^^^
    )
    ^
  File "C:\Users\Lenovo\Downloads\AgroBot\.venv\Lib\site-packages\werkzeug\utils.py", line 575, in send_from_directory
    raise NotFound()
werkzeug.exceptions.NotFound: 404 Not Found: The requested URL was not found on the server. If you entered the URL manually please check your spelling and try again.

2025-10-08 18:46:25,346 [INFO] 127.0.0.1 - - [08/Oct/2025 18:46:25] "[35m[1mGET /static/images/agri-bg.jpg HTTP/1.1[0m" 500 -
2025-10-08 18:46:30,005 [INFO] 127.0.0.1 - - [08/Oct/2025 18:46:30] "GET /register HTTP/1.1" 200 -
2025-10-08 18:46:30,038 [INFO] 127.0.0.1 - - [08/Oct/2025 18:46:30] "[36mGET /static/style.css HTTP/1.1[0m" 304 -
2025-10-08 18:46:53,091 [INFO] 127.0.0.1 - - [08/Oct/2025 18:46:53] "[32mPOST /register HTTP/1.1[0m" 302 -
2025-10-08 18:46:53,105 [INFO] 127.0.0.1 - - [08/Oct/2025 18:46:53] "GET /login HTTP/1.1" 200 -
2025-10-08 18:46:53,144 [INFO] 127.0.0.1 - - [08/Oct/2025 18:46:53] "[36mGET /static/style.css HTTP/1.1[0m" 304 -
2025-10-08 18:47:05,750 [INFO] 127.0.0.1 - - [08/Oct/2025 18:47:05] "[32mPOST /login HTTP/1.1[0m" 302 -
2025-10-08 18:47:05,759 [ERROR] Error in /chat
Traceback (most recent call last):
  File "C:\Users\Lenovo\Downloads\AgroBot\app.py", line 107, in chat
    return render_template("chat.html", username=session.get("username"))
  File "C:\Users\Lenovo\Downloads\AgroBot\.venv\Lib\site-packages\flask\templating.py", line 149, in render_template
    template = app.jinja_env.get_or_select_template(template_name_or_list)
  File "C:\Users\Lenovo\Downloads\AgroBot\.venv\Lib\site-packages\jinja2\environment.py", line 1087, in get_or_select_template
    return self.get_template(template_name_or_list, parent, globals)
           ~~~~~~~~~~~~~~~~~^^^^^^^^^^^^^^^^^^^^^^^^^^^^^^^^^^^^^^^^
  File "C:\Users\Lenovo\Downloads\AgroBot\.venv\Lib\site-packages\jinja2\environment.py", line 1016, in get_template
    return self._load_template(name, globals)
           ~~~~~~~~~~~~~~~~~~~^^^^^^^^^^^^^^^
  File "C:\Users\Lenovo\Downloads\AgroBot\.venv\Lib\site-packages\jinja2\environment.py", line 975, in _load_template
    template = self.loader.load(self, name, self.make_globals(globals))
  File "C:\Users\Lenovo\Downloads\AgroBot\.venv\Lib\site-packages\jinja2\loaders.py", line 126, in load
    source, filename, uptodate = self.get_source(environment, name)
                                 ~~~~~~~~~~~~~~~^^^^^^^^^^^^^^^^^^^
  File "C:\Users\Lenovo\Downloads\AgroBot\.venv\Lib\site-packages\flask\templating.py", line 65, in get_source
    return self._get_source_fast(environment, template)
           ~~~~~~~~~~~~~~~~~~~~~^^^^^^^^^^^^^^^^^^^^^^^
  File "C:\Users\Lenovo\Downloads\AgroBot\.venv\Lib\site-packages\flask\templating.py", line 99, in _get_source_fast
    raise TemplateNotFound(template)
jinja2.exceptions.TemplateNotFound: chat.html
2025-10-08 18:47:05,766 [ERROR] Unhandled Exception:
Traceback (most recent call last):
  File "C:\Users\Lenovo\Downloads\AgroBot\.venv\Lib\site-packages\flask\app.py", line 917, in full_dispatch_request
    rv = self.dispatch_request()
  File "C:\Users\Lenovo\Downloads\AgroBot\.venv\Lib\site-packages\flask\app.py", line 902, in dispatch_request
    return self.ensure_sync(self.view_functions[rule.endpoint])(**view_args)  # type: ignore[no-any-return]
           ~~~~~~~~~~~~~~~~~~~~~~~~~~~~~~~~~~~~~~~~~~~~~~~~~~~~^^^^^^^^^^^^^
  File "C:\Users\Lenovo\Downloads\AgroBot\app.py", line 107, in chat
    return render_template("chat.html", username=session.get("username"))
  File "C:\Users\Lenovo\Downloads\AgroBot\.venv\Lib\site-packages\flask\templating.py", line 149, in render_template
    template = app.jinja_env.get_or_select_template(template_name_or_list)
  File "C:\Users\Lenovo\Downloads\AgroBot\.venv\Lib\site-packages\jinja2\environment.py", line 1087, in get_or_select_template
    return self.get_template(template_name_or_list, parent, globals)
           ~~~~~~~~~~~~~~~~~^^^^^^^^^^^^^^^^^^^^^^^^^^^^^^^^^^^^^^^^
  File "C:\Users\Lenovo\Downloads\AgroBot\.venv\Lib\site-packages\jinja2\environment.py", line 1016, in get_template
    return self._load_template(name, globals)
           ~~~~~~~~~~~~~~~~~~~^^^^^^^^^^^^^^^
  File "C:\Users\Lenovo\Downloads\AgroBot\.venv\Lib\site-packages\jinja2\environment.py", line 975, in _load_template
    template = self.loader.load(self, name, self.make_globals(globals))
  File "C:\Users\Lenovo\Downloads\AgroBot\.venv\Lib\site-packages\jinja2\loaders.py", line 126, in load
    source, filename, uptodate = self.get_source(environment, name)
                                 ~~~~~~~~~~~~~~~^^^^^^^^^^^^^^^^^^^
  File "C:\Users\Lenovo\Downloads\AgroBot\.venv\Lib\site-packages\flask\templating.py", line 65, in get_source
    return self._get_source_fast(environment, template)
           ~~~~~~~~~~~~~~~~~~~~~^^^^^^^^^^^^^^^^^^^^^^^
  File "C:\Users\Lenovo\Downloads\AgroBot\.venv\Lib\site-packages\flask\templating.py", line 99, in _get_source_fast
    raise TemplateNotFound(template)
jinja2.exceptions.TemplateNotFound: chat.html

2025-10-08 18:47:05,766 [INFO] 127.0.0.1 - - [08/Oct/2025 18:47:05] "[35m[1mGET /chat HTTP/1.1[0m" 500 -
2025-10-08 18:47:24,573 [INFO] [31m[1mWARNING: This is a development server. Do not use it in a production deployment. Use a production WSGI server instead.[0m
 * Running on http://127.0.0.1:5000
2025-10-08 18:47:24,573 [INFO] [33mPress CTRL+C to quit[0m
2025-10-08 19:02:58,288 [INFO] [31m[1mWARNING: This is a development server. Do not use it in a production deployment. Use a production WSGI server instead.[0m
 * Running on http://127.0.0.1:5000
2025-10-08 19:02:58,289 [INFO] [33mPress CTRL+C to quit[0m
2025-10-08 19:03:00,618 [INFO] 127.0.0.1 - - [08/Oct/2025 19:03:00] "[32mGET / HTTP/1.1[0m" 302 -
2025-10-08 19:03:00,641 [INFO] 127.0.0.1 - - [08/Oct/2025 19:03:00] "GET /login HTTP/1.1" 200 -
2025-10-08 19:03:00,797 [INFO] 127.0.0.1 - - [08/Oct/2025 19:03:00] "GET /static/style.css HTTP/1.1" 200 -
2025-10-08 19:03:05,435 [INFO] 127.0.0.1 - - [08/Oct/2025 19:03:05] "[32mPOST /login HTTP/1.1[0m" 302 -
2025-10-08 19:03:05,445 [INFO] 127.0.0.1 - - [08/Oct/2025 19:03:05] "GET /login HTTP/1.1" 200 -
2025-10-08 19:03:05,523 [INFO] 127.0.0.1 - - [08/Oct/2025 19:03:05] "[36mGET /static/style.css HTTP/1.1[0m" 304 -
2025-10-08 19:03:08,245 [INFO] 127.0.0.1 - - [08/Oct/2025 19:03:08] "[32mPOST /login HTTP/1.1[0m" 302 -
2025-10-08 19:03:08,257 [INFO] 127.0.0.1 - - [08/Oct/2025 19:03:08] "GET /login HTTP/1.1" 200 -
2025-10-08 19:03:08,295 [INFO] 127.0.0.1 - - [08/Oct/2025 19:03:08] "[36mGET /static/style.css HTTP/1.1[0m" 304 -
2025-10-08 19:03:11,050 [INFO] 127.0.0.1 - - [08/Oct/2025 19:03:11] "GET /register HTTP/1.1" 200 -
2025-10-08 19:03:11,087 [INFO] 127.0.0.1 - - [08/Oct/2025 19:03:11] "[36mGET /static/style.css HTTP/1.1[0m" 304 -
2025-10-08 19:03:29,147 [INFO] 127.0.0.1 - - [08/Oct/2025 19:03:29] "[32mPOST /register HTTP/1.1[0m" 302 -
2025-10-08 19:03:29,157 [INFO] 127.0.0.1 - - [08/Oct/2025 19:03:29] "GET /login HTTP/1.1" 200 -
2025-10-08 19:03:29,196 [INFO] 127.0.0.1 - - [08/Oct/2025 19:03:29] "[36mGET /static/style.css HTTP/1.1[0m" 304 -
2025-10-08 19:03:40,447 [INFO] 127.0.0.1 - - [08/Oct/2025 19:03:40] "[32mPOST /login HTTP/1.1[0m" 302 -
2025-10-08 19:03:40,460 [ERROR] Error in /chat
Traceback (most recent call last):
  File "C:\Users\Lenovo\Downloads\AgroBot\app.py", line 107, in chat
    return render_template("chat.html", username=session.get("username"))
  File "C:\Users\Lenovo\Downloads\AgroBot\.venv\Lib\site-packages\flask\templating.py", line 149, in render_template
    template = app.jinja_env.get_or_select_template(template_name_or_list)
  File "C:\Users\Lenovo\Downloads\AgroBot\.venv\Lib\site-packages\jinja2\environment.py", line 1087, in get_or_select_template
    return self.get_template(template_name_or_list, parent, globals)
           ~~~~~~~~~~~~~~~~~^^^^^^^^^^^^^^^^^^^^^^^^^^^^^^^^^^^^^^^^
  File "C:\Users\Lenovo\Downloads\AgroBot\.venv\Lib\site-packages\jinja2\environment.py", line 1016, in get_template
    return self._load_template(name, globals)
           ~~~~~~~~~~~~~~~~~~~^^^^^^^^^^^^^^^
  File "C:\Users\Lenovo\Downloads\AgroBot\.venv\Lib\site-packages\jinja2\environment.py", line 975, in _load_template
    template = self.loader.load(self, name, self.make_globals(globals))
  File "C:\Users\Lenovo\Downloads\AgroBot\.venv\Lib\site-packages\jinja2\loaders.py", line 126, in load
    source, filename, uptodate = self.get_source(environment, name)
                                 ~~~~~~~~~~~~~~~^^^^^^^^^^^^^^^^^^^
  File "C:\Users\Lenovo\Downloads\AgroBot\.venv\Lib\site-packages\flask\templating.py", line 65, in get_source
    return self._get_source_fast(environment, template)
           ~~~~~~~~~~~~~~~~~~~~~^^^^^^^^^^^^^^^^^^^^^^^
  File "C:\Users\Lenovo\Downloads\AgroBot\.venv\Lib\site-packages\flask\templating.py", line 99, in _get_source_fast
    raise TemplateNotFound(template)
jinja2.exceptions.TemplateNotFound: chat.html
2025-10-08 19:03:40,468 [ERROR] Unhandled Exception:
Traceback (most recent call last):
  File "C:\Users\Lenovo\Downloads\AgroBot\.venv\Lib\site-packages\flask\app.py", line 917, in full_dispatch_request
    rv = self.dispatch_request()
  File "C:\Users\Lenovo\Downloads\AgroBot\.venv\Lib\site-packages\flask\app.py", line 902, in dispatch_request
    return self.ensure_sync(self.view_functions[rule.endpoint])(**view_args)  # type: ignore[no-any-return]
           ~~~~~~~~~~~~~~~~~~~~~~~~~~~~~~~~~~~~~~~~~~~~~~~~~~~~^^^^^^^^^^^^^
  File "C:\Users\Lenovo\Downloads\AgroBot\app.py", line 107, in chat
    return render_template("chat.html", username=session.get("username"))
  File "C:\Users\Lenovo\Downloads\AgroBot\.venv\Lib\site-packages\flask\templating.py", line 149, in render_template
    template = app.jinja_env.get_or_select_template(template_name_or_list)
  File "C:\Users\Lenovo\Downloads\AgroBot\.venv\Lib\site-packages\jinja2\environment.py", line 1087, in get_or_select_template
    return self.get_template(template_name_or_list, parent, globals)
           ~~~~~~~~~~~~~~~~~^^^^^^^^^^^^^^^^^^^^^^^^^^^^^^^^^^^^^^^^
  File "C:\Users\Lenovo\Downloads\AgroBot\.venv\Lib\site-packages\jinja2\environment.py", line 1016, in get_template
    return self._load_template(name, globals)
           ~~~~~~~~~~~~~~~~~~~^^^^^^^^^^^^^^^
  File "C:\Users\Lenovo\Downloads\AgroBot\.venv\Lib\site-packages\jinja2\environment.py", line 975, in _load_template
    template = self.loader.load(self, name, self.make_globals(globals))
  File "C:\Users\Lenovo\Downloads\AgroBot\.venv\Lib\site-packages\jinja2\loaders.py", line 126, in load
    source, filename, uptodate = self.get_source(environment, name)
                                 ~~~~~~~~~~~~~~~^^^^^^^^^^^^^^^^^^^
  File "C:\Users\Lenovo\Downloads\AgroBot\.venv\Lib\site-packages\flask\templating.py", line 65, in get_source
    return self._get_source_fast(environment, template)
           ~~~~~~~~~~~~~~~~~~~~~^^^^^^^^^^^^^^^^^^^^^^^
  File "C:\Users\Lenovo\Downloads\AgroBot\.venv\Lib\site-packages\flask\templating.py", line 99, in _get_source_fast
    raise TemplateNotFound(template)
jinja2.exceptions.TemplateNotFound: chat.html

2025-10-08 19:03:40,469 [INFO] 127.0.0.1 - - [08/Oct/2025 19:03:40] "[35m[1mGET /chat HTTP/1.1[0m" 500 -
